<?xml version="1.0" encoding="UTF-8"?>
<testng-results skipped="0" failed="0" ignored="0" total="3" passed="3">
  <reporter-output>
  </reporter-output>
  <suite name="Suite" duration-ms="63" started-at="2021-04-24T06:01:22Z" finished-at="2021-04-24T06:01:22Z">
    <groups>
      <group name="smoke">
        <method signature="Pom.tc0()[pri:0, instance:org.java.Pom@47c62251]" name="tc0" class="org.java.Pom"/>
        <method signature="Pom.tc2()[pri:0, instance:org.java.Pom@47c62251]" name="tc2" class="org.java.Pom"/>
      </group> <!-- smoke -->
      <group name="sanity">
        <method signature="Pom.tc1()[pri:0, instance:org.java.Pom@47c62251]" name="tc1" class="org.java.Pom"/>
      </group> <!-- sanity -->
    </groups>
    <test name="Test" duration-ms="63" started-at="2021-04-24T06:01:22Z" finished-at="2021-04-24T06:01:22Z">
      <class name="org.java.Pom">
        <test-method status="PASS" signature="tc0()[pri:0, instance:org.java.Pom@47c62251]" name="tc0" duration-ms="31" started-at="2021-04-24T06:01:22Z" finished-at="2021-04-24T06:01:22Z">
          <reporter-output>
          </reporter-output>
        </test-method> <!-- tc0 -->
        <test-method status="PASS" signature="tc1()[pri:0, instance:org.java.Pom@47c62251]" name="tc1" duration-ms="0" started-at="2021-04-24T06:01:22Z" finished-at="2021-04-24T06:01:22Z">
          <reporter-output>
          </reporter-output>
        </test-method> <!-- tc1 -->
        <test-method status="PASS" signature="tc2()[pri:0, instance:org.java.Pom@47c62251]" name="tc2" duration-ms="0" started-at="2021-04-24T06:01:22Z" finished-at="2021-04-24T06:01:22Z">
          <reporter-output>
          </reporter-output>
        </test-method> <!-- tc2 -->
      </class> <!-- org.java.Pom -->
    </test> <!-- Test -->
  </suite> <!-- Suite -->
</testng-results>
